22
P   GSO 5152 Graphics Printer Model 2
GP   GRAPHICS

P   GSO 4201 Proprinter
CDP  4201,437
CPP  4201.CPI
GP   GRAPHICS

P   GSO 4201 Proprinter II
CDP  4201,437
CPP  4201.CPI
GP   GRAPHICS

P   GSO 4202 Proprinter XL
CDP  4201,437
CPP  4201.CPI
GP   GRAPHICS

P   GSO 4207 Proprinter X24
CDP  4208,437
CPP  4208.CPI
GP   GRAPHICS

P   GSO 4208 Proprinter XL24
CDP  4208,437
CPP  4208.CPI
GP   GRAPHICS

S   GSO 4201 Proprinter (Serial)
SP   BAUD=96 PARITY=E DATA=8 STOP=1
GP   GRAPHICS

S   GSO 4202 Proprinter XL (Serial)
SP   BAUD=96 PARITY=E DATA=8 STOP=1
GP   GRAPHICS

S   GSO 4207 Proprinter X24 (Serial)
SP   BAUD=96 PARITY=E DATA=8 STOP=1
GP   GRAPHICS

S   GSO 4208 Proprinter XL24 (Serial)
SP   BAUD=96 PARITY=E DATA=8 STOP=1
GP   GRAPHICS

P   GSO 5182 Color Printer
GP   COLOR1

P   GSO 3852 Ink Jet Printer

P   GSO 5201 Quietwriter I Printer

P   GSO 5201 Quietwriter II Printer
GP   GRAPHICS

P   GSO 5202 Quietwriter III Printer
CDP  5202,437
CPP  5202.CPI
GP   GRAPHICS

P   GSO 5216 Wheelprinter

P   GSO 5223 Wheelprinter E Model 1

S   GSO 3812 Pageprinter
SP   BAUD=96 PARITY=E DATA=8 STOP=1 RETRY=P
GP   GRAPHICS

P   Other GSO Parallel Printer

S   Other GSO Serial Printer

P   Other Parallel Printer

S   Other Serial Printer
